<?xml version="1.0" encoding="UTF-8"?>
<!-- Generated by org.testng.reporters.JUnitXMLReporter -->
<testsuite ignored="0" hostname="DESKTOP-R9SJ9U0" failures="0" tests="0" name="Default test" time="1.561" errors="0" timestamp="2022-09-16T21:57:21 SGT">
  <testcase classname="io.cucumber.testng.AbstractTestNGCucumberTests" name="@BeforeClass setUpClass" time="1.4">
    <failure type="io.cucumber.core.gherkin.FeatureParserException" message="Failed to parse resource at: file:///C:/Users/HP/Project-TMS/src/test/resources/features/Staff/01LoginStaff.feature
(1:1): expected: #EOF, #Language, #TagLine, #FeatureLine, #Comment, #Empty, got &amp;apos;Feature : Login User&amp;apos;
(3:2): expected: #EOF, #Language, #TagLine, #FeatureLine, #Comment, #Empty, got &amp;apos;Scenario: Staff Login Website&amp;apos;
(4:2): expected: #EOF, #Language, #TagLine, #FeatureLine, #Comment, #Empty, got &amp;apos;Given staff login website&amp;apos;
(5:2): expected: #EOF, #Language, #TagLine, #FeatureLine, #Comment, #Empty, got &amp;apos;When input username and password&amp;apos;
(6:2): expected: #EOF, #Language, #TagLine, #FeatureLine, #Comment, #Empty, got &amp;apos;And Klik button login&amp;apos;
(7:2): expected: #EOF, #Language, #TagLine, #FeatureLine, #Comment, #Empty, got &amp;apos;Then Staff valid login&amp;apos;
(9:2): expected: #EOF, #Language, #TagLine, #FeatureLine, #Comment, #Empty, got &amp;apos;Scenario: Select absen staff&amp;apos;
(10:2): expected: #EOF, #Language, #TagLine, #FeatureLine, #Comment, #Empty, got &amp;apos;When Staff click On Tab laporan kegiatan&amp;apos;
(11:2): expected: #EOF, #Language, #TagLine, #FeatureLine, #Comment, #Empty, got &amp;apos;And Click on absen masuk&amp;apos;
(12:2): expected: #EOF, #Language, #TagLine, #FeatureLine, #Comment, #Empty, got &amp;apos;Then Staff valid on tab absen masuk&amp;apos;
(14:2): expected: #EOF, #Language, #TagLine, #FeatureLine, #Comment, #Empty, got &amp;apos;Scenario: Input form absen masuk&amp;apos;">
      <![CDATA[io.cucumber.core.gherkin.FeatureParserException: Failed to parse resource at: file:///C:/Users/HP/Project-TMS/src/test/resources/features/Staff/01LoginStaff.feature
(1:1): expected: #EOF, #Language, #TagLine, #FeatureLine, #Comment, #Empty, got 'Feature : Login User'
(3:2): expected: #EOF, #Language, #TagLine, #FeatureLine, #Comment, #Empty, got 'Scenario: Staff Login Website'
(4:2): expected: #EOF, #Language, #TagLine, #FeatureLine, #Comment, #Empty, got 'Given staff login website'
(5:2): expected: #EOF, #Language, #TagLine, #FeatureLine, #Comment, #Empty, got 'When input username and password'
(6:2): expected: #EOF, #Language, #TagLine, #FeatureLine, #Comment, #Empty, got 'And Klik button login'
(7:2): expected: #EOF, #Language, #TagLine, #FeatureLine, #Comment, #Empty, got 'Then Staff valid login'
(9:2): expected: #EOF, #Language, #TagLine, #FeatureLine, #Comment, #Empty, got 'Scenario: Select absen staff'
(10:2): expected: #EOF, #Language, #TagLine, #FeatureLine, #Comment, #Empty, got 'When Staff click On Tab laporan kegiatan'
(11:2): expected: #EOF, #Language, #TagLine, #FeatureLine, #Comment, #Empty, got 'And Click on absen masuk'
(12:2): expected: #EOF, #Language, #TagLine, #FeatureLine, #Comment, #Empty, got 'Then Staff valid on tab absen masuk'
(14:2): expected: #EOF, #Language, #TagLine, #FeatureLine, #Comment, #Empty, got 'Scenario: Input form absen masuk'
at io.cucumber.core.gherkin.messages.GherkinMessagesFeatureParser.parse(GherkinMessagesFeatureParser.java:43)
at io.cucumber.core.feature.FeatureParser.parseResource(FeatureParser.java:45)
at java.base/java.util.function.BiFunction.lambda$andThen$0(BiFunction.java:70)
at io.cucumber.core.resource.ResourceScanner.lambda$processResource$1(ResourceScanner.java:79)
at io.cucumber.core.resource.PathScanner$ResourceFileVisitor.visitFile(PathScanner.java:75)
at io.cucumber.core.resource.PathScanner$ResourceFileVisitor.visitFile(PathScanner.java:60)
at java.base/java.nio.file.Files.walkFileTree(Files.java:2812)
at io.cucumber.core.resource.PathScanner.findResourcesForPath(PathScanner.java:53)
at io.cucumber.core.resource.PathScanner.findResourcesForUri(PathScanner.java:31)
at io.cucumber.core.resource.ResourceScanner.findResourcesForUri(ResourceScanner.java:61)
at io.cucumber.core.resource.ResourceScanner.scanForResourcesUri(ResourceScanner.java:134)
at io.cucumber.core.runtime.FeaturePathFeatureSupplier.loadFeatures(FeaturePathFeatureSupplier.java:62)
at io.cucumber.core.runtime.FeaturePathFeatureSupplier.get(FeaturePathFeatureSupplier.java:45)
at io.cucumber.testng.TestNGCucumberRunner.<init>(TestNGCucumberRunner.java:122)
at io.cucumber.testng.AbstractTestNGCucumberTests.setUpClass(AbstractTestNGCucumberTests.java:27)
at java.base/jdk.internal.reflect.DirectMethodHandleAccessor.invoke(DirectMethodHandleAccessor.java:104)
at java.base/java.lang.reflect.Method.invoke(Method.java:577)
at org.testng.internal.MethodInvocationHelper.invokeMethod(MethodInvocationHelper.java:133)
at org.testng.internal.MethodInvocationHelper.invokeMethodConsideringTimeout(MethodInvocationHelper.java:62)
at org.testng.internal.ConfigInvoker.invokeConfigurationMethod(ConfigInvoker.java:385)
at org.testng.internal.ConfigInvoker.invokeConfigurations(ConfigInvoker.java:321)
at org.testng.internal.TestMethodWorker.invokeBeforeClassMethods(TestMethodWorker.java:176)
at org.testng.internal.TestMethodWorker.run(TestMethodWorker.java:122)
at java.base/java.util.ArrayList.forEach(ArrayList.java:1511)
at org.testng.TestRunner.privateRun(TestRunner.java:794)
at org.testng.TestRunner.run(TestRunner.java:596)
at org.testng.SuiteRunner.runTest(SuiteRunner.java:377)
at org.testng.SuiteRunner.runSequentially(SuiteRunner.java:371)
at org.testng.SuiteRunner.privateRun(SuiteRunner.java:332)
at org.testng.SuiteRunner.run(SuiteRunner.java:276)
at org.testng.SuiteRunnerWorker.runSuite(SuiteRunnerWorker.java:53)
at org.testng.SuiteRunnerWorker.run(SuiteRunnerWorker.java:96)
at org.testng.TestNG.runSuitesSequentially(TestNG.java:1212)
at org.testng.TestNG.runSuitesLocally(TestNG.java:1134)
at org.testng.TestNG.runSuites(TestNG.java:1063)
at org.testng.TestNG.run(TestNG.java:1031)
at org.testng.remote.AbstractRemoteTestNG.run(AbstractRemoteTestNG.java:115)
at org.testng.remote.RemoteTestNG.initAndRun(RemoteTestNG.java:251)
at org.testng.remote.RemoteTestNG.main(RemoteTestNG.java:77)
]]>
    </failure>
  </testcase> <!-- @BeforeClass setUpClass -->
</testsuite> <!-- Default test -->
