<?xml version="1.0" encoding="UTF-8"?>
<testng-results ignored="0" total="4" passed="4" failed="0" skipped="0">
  <reporter-output>
  </reporter-output>
  <suite started-at="2022-09-18T16:30:14 WIB" name="Default suite" finished-at="2022-09-18T16:31:24 WIB" duration-ms="70297">
    <groups>
      <group name="cucumber">
        <method signature="AbstractTestNGCucumberTests.runScenario(io.cucumber.testng.PickleWrapper,io.cucumber.testng.FeatureWrapper)[pri:0, instance:com.juaracoding.PageObjectTMS.Staff.TestRunnerTMSAStaff@2145b572]" name="runScenario" class="io.cucumber.testng.AbstractTestNGCucumberTests"/>
      </group> <!-- cucumber -->
    </groups>
    <test started-at="2022-09-18T16:30:14 WIB" name="Default test" finished-at="2022-09-18T16:31:24 WIB" duration-ms="70297">
      <class name="com.juaracoding.PageObjectTMS.Staff.TestRunnerTMSAStaff">
        <test-method is-config="true" signature="setUpClass(org.testng.ITestContext)[pri:0, instance:com.juaracoding.PageObjectTMS.Staff.TestRunnerTMSAStaff@2145b572]" started-at="2022-09-18T16:30:14 WIB" name="setUpClass" finished-at="2022-09-18T16:30:15 WIB" duration-ms="1483" status="PASS">
          <params>
            <param index="0">
              <value>
                <![CDATA[org.testng.TestRunner@6015a4a5]]>
              </value>
            </param>
          </params>
          <reporter-output>
          </reporter-output>
        </test-method> <!-- setUpClass -->
        <test-method signature="runScenario(io.cucumber.testng.PickleWrapper,io.cucumber.testng.FeatureWrapper)[pri:0, instance:com.juaracoding.PageObjectTMS.Staff.TestRunnerTMSAStaff@2145b572]" started-at="2022-09-18T16:30:15 WIB" name="runScenario" description="Runs Cucumber Scenarios" data-provider="scenarios" finished-at="2022-09-18T16:30:36 WIB" duration-ms="20250" status="PASS">
          <params>
            <param index="0">
              <value>
                <![CDATA["Staff Login Website"]]>
              </value>
            </param>
            <param index="1">
              <value>
                <![CDATA["Scenario Staff Absen Off"]]>
              </value>
            </param>
          </params>
          <reporter-output>
          </reporter-output>
        </test-method> <!-- runScenario -->
        <test-method signature="runScenario(io.cucumber.testng.PickleWrapper,io.cucumber.testng.FeatureWrapper)[pri:0, instance:com.juaracoding.PageObjectTMS.Staff.TestRunnerTMSAStaff@2145b572]" started-at="2022-09-18T16:30:36 WIB" name="runScenario" description="Runs Cucumber Scenarios" data-provider="scenarios" finished-at="2022-09-18T16:30:47 WIB" duration-ms="11432" status="PASS">
          <params>
            <param index="0">
              <value>
                <![CDATA["Staff Choose form absen off"]]>
              </value>
            </param>
            <param index="1">
              <value>
                <![CDATA["Scenario Staff Absen Off"]]>
              </value>
            </param>
          </params>
          <reporter-output>
          </reporter-output>
        </test-method> <!-- runScenario -->
        <test-method signature="runScenario(io.cucumber.testng.PickleWrapper,io.cucumber.testng.FeatureWrapper)[pri:0, instance:com.juaracoding.PageObjectTMS.Staff.TestRunnerTMSAStaff@2145b572]" started-at="2022-09-18T16:30:47 WIB" name="runScenario" description="Runs Cucumber Scenarios" data-provider="scenarios" finished-at="2022-09-18T16:31:15 WIB" duration-ms="27851" status="PASS">
          <params>
            <param index="0">
              <value>
                <![CDATA["Staff input data form absen off"]]>
              </value>
            </param>
            <param index="1">
              <value>
                <![CDATA["Scenario Staff Absen Off"]]>
              </value>
            </param>
          </params>
          <reporter-output>
          </reporter-output>
        </test-method> <!-- runScenario -->
        <test-method signature="runScenario(io.cucumber.testng.PickleWrapper,io.cucumber.testng.FeatureWrapper)[pri:0, instance:com.juaracoding.PageObjectTMS.Staff.TestRunnerTMSAStaff@2145b572]" started-at="2022-09-18T16:31:15 WIB" name="runScenario" description="Runs Cucumber Scenarios" data-provider="scenarios" finished-at="2022-09-18T16:31:18 WIB" duration-ms="3388" status="PASS">
          <params>
            <param index="0">
              <value>
                <![CDATA["Staff logout website"]]>
              </value>
            </param>
            <param index="1">
              <value>
                <![CDATA["Scenario Staff Absen Off"]]>
              </value>
            </param>
          </params>
          <reporter-output>
          </reporter-output>
        </test-method> <!-- runScenario -->
        <test-method is-config="true" signature="tearDownClass()[pri:0, instance:com.juaracoding.PageObjectTMS.Staff.TestRunnerTMSAStaff@2145b572]" started-at="2022-09-18T16:31:18 WIB" name="tearDownClass" finished-at="2022-09-18T16:31:24 WIB" duration-ms="5790" status="PASS">
          <reporter-output>
          </reporter-output>
        </test-method> <!-- tearDownClass -->
      </class> <!-- com.juaracoding.PageObjectTMS.Staff.TestRunnerTMSAStaff -->
    </test> <!-- Default test -->
  </suite> <!-- Default suite -->
</testng-results>
