<?xml version="1.0" encoding="UTF-8"?>
<testng-results ignored="0" total="36" passed="24" failed="12" skipped="0">
  <reporter-output>
  </reporter-output>
  <suite started-at="2022-09-17T20:08:03 WIB" name="Default suite" finished-at="2022-09-17T20:11:15 WIB" duration-ms="192286">
    <groups>
      <group name="cucumber">
        <method signature="AbstractTestNGCucumberTests.runScenario(io.cucumber.testng.PickleWrapper,io.cucumber.testng.FeatureWrapper)[pri:0, instance:com.juaracoding.PageObjectTMS.Staff.TestRunnerTMSAStaff@61df66b6]" name="runScenario" class="io.cucumber.testng.AbstractTestNGCucumberTests"/>
      </group> <!-- cucumber -->
    </groups>
    <test started-at="2022-09-17T20:08:03 WIB" name="Default test" finished-at="2022-09-17T20:11:15 WIB" duration-ms="192286">
      <class name="com.juaracoding.PageObjectTMS.Staff.TestRunnerTMSAStaff">
        <test-method is-config="true" signature="setUpClass(org.testng.ITestContext)[pri:0, instance:com.juaracoding.PageObjectTMS.Staff.TestRunnerTMSAStaff@61df66b6]" started-at="2022-09-17T20:08:03 WIB" name="setUpClass" finished-at="2022-09-17T20:08:04 WIB" duration-ms="970" status="PASS">
          <params>
            <param index="0">
              <value>
                <![CDATA[org.testng.TestRunner@5d5c41e5]]>
              </value>
            </param>
          </params>
          <reporter-output>
          </reporter-output>
        </test-method> <!-- setUpClass -->
        <test-method signature="runScenario(io.cucumber.testng.PickleWrapper,io.cucumber.testng.FeatureWrapper)[pri:0, instance:com.juaracoding.PageObjectTMS.Staff.TestRunnerTMSAStaff@61df66b6]" started-at="2022-09-17T20:08:04 WIB" name="runScenario" description="Runs Cucumber Scenarios" data-provider="scenarios" finished-at="2022-09-17T20:08:16 WIB" duration-ms="11846" status="FAIL">
          <params>
            <param index="0">
              <value>
                <![CDATA["Staff not type NIK"]]>
              </value>
            </param>
            <param index="1">
              <value>
                <![CDATA["Login Staff"]]>
              </value>
            </param>
          </params>
          <exception class="java.lang.AssertionError">
            <message>
              <![CDATA[expected [false] but found [true]]]>
            </message>
            <full-stacktrace>
              <![CDATA[java.lang.AssertionError: expected [false] but found [true]
at org.testng.Assert.fail(Assert.java:99)
at org.testng.Assert.failNotEquals(Assert.java:1037)
at org.testng.Assert.assertEqualsImpl(Assert.java:140)
at org.testng.Assert.assertEquals(Assert.java:122)
at org.testng.Assert.assertEquals(Assert.java:629)
at org.testng.Assert.assertEquals(Assert.java:639)
at com.juaracoding.PageObjectTMS.Staff.TestLaporanKegiatanStaffTMS.staff_invalid_login1(TestLaporanKegiatanStaffTMS.java:70)
at ✽.Staff invalid loginA1(file:///C:/Users/girangsnm/git/Project-TMS/src/test/resources/features/Staff/01.LaporanKegiatanStaff.feature:8)
]]>
            </full-stacktrace>
          </exception> <!-- java.lang.AssertionError -->
          <reporter-output>
          </reporter-output>
        </test-method> <!-- runScenario -->
        <test-method signature="runScenario(io.cucumber.testng.PickleWrapper,io.cucumber.testng.FeatureWrapper)[pri:0, instance:com.juaracoding.PageObjectTMS.Staff.TestRunnerTMSAStaff@61df66b6]" started-at="2022-09-17T20:08:16 WIB" name="runScenario" description="Runs Cucumber Scenarios" data-provider="scenarios" finished-at="2022-09-17T20:08:21 WIB" duration-ms="5182" status="FAIL">
          <params>
            <param index="0">
              <value>
                <![CDATA["Staff not type password"]]>
              </value>
            </param>
            <param index="1">
              <value>
                <![CDATA["Login Staff"]]>
              </value>
            </param>
          </params>
          <exception class="java.lang.AssertionError">
            <message>
              <![CDATA[expected [flase] but found [true]]]>
            </message>
            <full-stacktrace>
              <![CDATA[java.lang.AssertionError: expected [flase] but found [true]
at org.testng.Assert.fail(Assert.java:99)
at org.testng.Assert.failNotEquals(Assert.java:1037)
at org.testng.Assert.assertEqualsImpl(Assert.java:140)
at org.testng.Assert.assertEquals(Assert.java:122)
at org.testng.Assert.assertEquals(Assert.java:629)
at org.testng.Assert.assertEquals(Assert.java:639)
at com.juaracoding.PageObjectTMS.Staff.TestLaporanKegiatanStaffTMS.staff_invalid_login2(TestLaporanKegiatanStaffTMS.java:77)
at ✽.Staff invalid loginA2(file:///C:/Users/girangsnm/git/Project-TMS/src/test/resources/features/Staff/01.LaporanKegiatanStaff.feature:15)
]]>
            </full-stacktrace>
          </exception> <!-- java.lang.AssertionError -->
          <reporter-output>
          </reporter-output>
        </test-method> <!-- runScenario -->
        <test-method signature="runScenario(io.cucumber.testng.PickleWrapper,io.cucumber.testng.FeatureWrapper)[pri:0, instance:com.juaracoding.PageObjectTMS.Staff.TestRunnerTMSAStaff@61df66b6]" started-at="2022-09-17T20:08:21 WIB" name="runScenario" description="Runs Cucumber Scenarios" data-provider="scenarios" finished-at="2022-09-17T20:08:26 WIB" duration-ms="5412" status="FAIL">
          <params>
            <param index="0">
              <value>
                <![CDATA["Staff invalid login"]]>
              </value>
            </param>
            <param index="1">
              <value>
                <![CDATA["Login Staff"]]>
              </value>
            </param>
          </params>
          <exception class="java.lang.AssertionError">
            <message>
              <![CDATA[expected [Wrong username or password..!] but found [×
Wrong username or password..!]]]>
            </message>
            <full-stacktrace>
              <![CDATA[java.lang.AssertionError: expected [Wrong username or password..!] but found [×
Wrong username or password..!]
at org.testng.Assert.fail(Assert.java:99)
at org.testng.Assert.failNotEquals(Assert.java:1037)
at org.testng.Assert.assertEqualsImpl(Assert.java:140)
at org.testng.Assert.assertEquals(Assert.java:122)
at org.testng.Assert.assertEquals(Assert.java:629)
at org.testng.Assert.assertEquals(Assert.java:639)
at com.juaracoding.PageObjectTMS.Staff.TestLaporanKegiatanStaffTMS.staff_invalid_login3(TestLaporanKegiatanStaffTMS.java:84)
at ✽.Staff invalid loginA3(file:///C:/Users/girangsnm/git/Project-TMS/src/test/resources/features/Staff/01.LaporanKegiatanStaff.feature:22)
]]>
            </full-stacktrace>
          </exception> <!-- java.lang.AssertionError -->
          <reporter-output>
          </reporter-output>
        </test-method> <!-- runScenario -->
        <test-method signature="runScenario(io.cucumber.testng.PickleWrapper,io.cucumber.testng.FeatureWrapper)[pri:0, instance:com.juaracoding.PageObjectTMS.Staff.TestRunnerTMSAStaff@61df66b6]" started-at="2022-09-17T20:08:26 WIB" name="runScenario" description="Runs Cucumber Scenarios" data-provider="scenarios" finished-at="2022-09-17T20:08:37 WIB" duration-ms="10590" status="PASS">
          <params>
            <param index="0">
              <value>
                <![CDATA["Staff valid login"]]>
              </value>
            </param>
            <param index="1">
              <value>
                <![CDATA["Login Staff"]]>
              </value>
            </param>
          </params>
          <reporter-output>
          </reporter-output>
        </test-method> <!-- runScenario -->
        <test-method signature="runScenario(io.cucumber.testng.PickleWrapper,io.cucumber.testng.FeatureWrapper)[pri:0, instance:com.juaracoding.PageObjectTMS.Staff.TestRunnerTMSAStaff@61df66b6]" started-at="2022-09-17T20:08:37 WIB" name="runScenario" description="Runs Cucumber Scenarios" data-provider="scenarios" finished-at="2022-09-17T20:08:50 WIB" duration-ms="12940" status="PASS">
          <params>
            <param index="0">
              <value>
                <![CDATA["Staff get form absen izin"]]>
              </value>
            </param>
            <param index="1">
              <value>
                <![CDATA["Login Staff"]]>
              </value>
            </param>
          </params>
          <reporter-output>
          </reporter-output>
        </test-method> <!-- runScenario -->
        <test-method signature="runScenario(io.cucumber.testng.PickleWrapper,io.cucumber.testng.FeatureWrapper)[pri:0, instance:com.juaracoding.PageObjectTMS.Staff.TestRunnerTMSAStaff@61df66b6]" started-at="2022-09-17T20:08:50 WIB" name="runScenario" description="Runs Cucumber Scenarios" data-provider="scenarios" finished-at="2022-09-17T20:08:52 WIB" duration-ms="2146" status="PASS">
          <params>
            <param index="0">
              <value>
                <![CDATA["Staff showing button choose"]]>
              </value>
            </param>
            <param index="1">
              <value>
                <![CDATA["Login Staff"]]>
              </value>
            </param>
          </params>
          <reporter-output>
          </reporter-output>
        </test-method> <!-- runScenario -->
        <test-method signature="runScenario(io.cucumber.testng.PickleWrapper,io.cucumber.testng.FeatureWrapper)[pri:0, instance:com.juaracoding.PageObjectTMS.Staff.TestRunnerTMSAStaff@61df66b6]" started-at="2022-09-17T20:08:52 WIB" name="runScenario" description="Runs Cucumber Scenarios" data-provider="scenarios" finished-at="2022-09-17T20:08:52 WIB" duration-ms="129" status="PASS">
          <params>
            <param index="0">
              <value>
                <![CDATA["Staff showing select box divisi"]]>
              </value>
            </param>
            <param index="1">
              <value>
                <![CDATA["Login Staff"]]>
              </value>
            </param>
          </params>
          <reporter-output>
          </reporter-output>
        </test-method> <!-- runScenario -->
        <test-method signature="runScenario(io.cucumber.testng.PickleWrapper,io.cucumber.testng.FeatureWrapper)[pri:0, instance:com.juaracoding.PageObjectTMS.Staff.TestRunnerTMSAStaff@61df66b6]" started-at="2022-09-17T20:08:52 WIB" name="runScenario" description="Runs Cucumber Scenarios" data-provider="scenarios" finished-at="2022-09-17T20:08:52 WIB" duration-ms="110" status="PASS">
          <params>
            <param index="0">
              <value>
                <![CDATA["Staff showing select box nama shift"]]>
              </value>
            </param>
            <param index="1">
              <value>
                <![CDATA["Login Staff"]]>
              </value>
            </param>
          </params>
          <reporter-output>
          </reporter-output>
        </test-method> <!-- runScenario -->
        <test-method signature="runScenario(io.cucumber.testng.PickleWrapper,io.cucumber.testng.FeatureWrapper)[pri:0, instance:com.juaracoding.PageObjectTMS.Staff.TestRunnerTMSAStaff@61df66b6]" started-at="2022-09-17T20:08:52 WIB" name="runScenario" description="Runs Cucumber Scenarios" data-provider="scenarios" finished-at="2022-09-17T20:08:52 WIB" duration-ms="102" status="PASS">
          <params>
            <param index="0">
              <value>
                <![CDATA["Staff showing select box type absen"]]>
              </value>
            </param>
            <param index="1">
              <value>
                <![CDATA["Login Staff"]]>
              </value>
            </param>
          </params>
          <reporter-output>
          </reporter-output>
        </test-method> <!-- runScenario -->
        <test-method signature="runScenario(io.cucumber.testng.PickleWrapper,io.cucumber.testng.FeatureWrapper)[pri:0, instance:com.juaracoding.PageObjectTMS.Staff.TestRunnerTMSAStaff@61df66b6]" started-at="2022-09-17T20:08:52 WIB" name="runScenario" description="Runs Cucumber Scenarios" data-provider="scenarios" finished-at="2022-09-17T20:08:52 WIB" duration-ms="92" status="PASS">
          <params>
            <param index="0">
              <value>
                <![CDATA["Staff showing text area keterangan"]]>
              </value>
            </param>
            <param index="1">
              <value>
                <![CDATA["Login Staff"]]>
              </value>
            </param>
          </params>
          <reporter-output>
          </reporter-output>
        </test-method> <!-- runScenario -->
        <test-method signature="runScenario(io.cucumber.testng.PickleWrapper,io.cucumber.testng.FeatureWrapper)[pri:0, instance:com.juaracoding.PageObjectTMS.Staff.TestRunnerTMSAStaff@61df66b6]" started-at="2022-09-17T20:08:52 WIB" name="runScenario" description="Runs Cucumber Scenarios" data-provider="scenarios" finished-at="2022-09-17T20:08:52 WIB" duration-ms="70" status="PASS">
          <params>
            <param index="0">
              <value>
                <![CDATA["Staff showing button submit"]]>
              </value>
            </param>
            <param index="1">
              <value>
                <![CDATA["Login Staff"]]>
              </value>
            </param>
          </params>
          <reporter-output>
          </reporter-output>
        </test-method> <!-- runScenario -->
        <test-method signature="runScenario(io.cucumber.testng.PickleWrapper,io.cucumber.testng.FeatureWrapper)[pri:0, instance:com.juaracoding.PageObjectTMS.Staff.TestRunnerTMSAStaff@61df66b6]" started-at="2022-09-17T20:08:52 WIB" name="runScenario" description="Runs Cucumber Scenarios" data-provider="scenarios" finished-at="2022-09-17T20:08:53 WIB" duration-ms="389" status="FAIL">
          <params>
            <param index="0">
              <value>
                <![CDATA["Staff not upload foto"]]>
              </value>
            </param>
            <param index="1">
              <value>
                <![CDATA["Login Staff"]]>
              </value>
            </param>
          </params>
          <exception class="java.lang.AssertionError">
            <message>
              <![CDATA[expected [false] but found [true]]]>
            </message>
            <full-stacktrace>
              <![CDATA[java.lang.AssertionError: expected [false] but found [true]
at org.testng.Assert.fail(Assert.java:99)
at org.testng.Assert.failNotEquals(Assert.java:1037)
at org.testng.Assert.assertEqualsImpl(Assert.java:140)
at org.testng.Assert.assertEquals(Assert.java:122)
at org.testng.Assert.assertEquals(Assert.java:629)
at org.testng.Assert.assertEquals(Assert.java:639)
at com.juaracoding.PageObjectTMS.Staff.TestLaporanKegiatanStaffTMS.staff_get_required_from_btn_choose_file(TestLaporanKegiatanStaffTMS.java:162)
at ✽.Staff get required from btn choose file(file:///C:/Users/girangsnm/git/Project-TMS/src/test/resources/features/Staff/01.LaporanKegiatanStaff.feature:64)
]]>
            </full-stacktrace>
          </exception> <!-- java.lang.AssertionError -->
          <reporter-output>
          </reporter-output>
        </test-method> <!-- runScenario -->
        <test-method signature="runScenario(io.cucumber.testng.PickleWrapper,io.cucumber.testng.FeatureWrapper)[pri:0, instance:com.juaracoding.PageObjectTMS.Staff.TestRunnerTMSAStaff@61df66b6]" started-at="2022-09-17T20:08:53 WIB" name="runScenario" description="Runs Cucumber Scenarios" data-provider="scenarios" finished-at="2022-09-17T20:08:55 WIB" duration-ms="2384" status="FAIL">
          <params>
            <param index="0">
              <value>
                <![CDATA["Staff upload wrong type"]]>
              </value>
            </param>
            <param index="1">
              <value>
                <![CDATA["Login Staff"]]>
              </value>
            </param>
          </params>
          <exception class="java.lang.AssertionError">
            <message>
              <![CDATA[expected [false] but found [img]]]>
            </message>
            <full-stacktrace>
              <![CDATA[java.lang.AssertionError: expected [false] but found [img]
at org.testng.Assert.fail(Assert.java:99)
at org.testng.Assert.failNotEquals(Assert.java:1037)
at org.testng.Assert.assertEqualsImpl(Assert.java:140)
at org.testng.Assert.assertEquals(Assert.java:122)
at org.testng.Assert.assertEquals(Assert.java:629)
at org.testng.Assert.assertEquals(Assert.java:639)
at com.juaracoding.PageObjectTMS.Staff.TestLaporanKegiatanStaffTMS.image_not_shown(TestLaporanKegiatanStaffTMS.java:178)
at ✽.image not shown(file:///C:/Users/girangsnm/git/Project-TMS/src/test/resources/features/Staff/01.LaporanKegiatanStaff.feature:69)
]]>
            </full-stacktrace>
          </exception> <!-- java.lang.AssertionError -->
          <reporter-output>
          </reporter-output>
        </test-method> <!-- runScenario -->
        <test-method signature="runScenario(io.cucumber.testng.PickleWrapper,io.cucumber.testng.FeatureWrapper)[pri:0, instance:com.juaracoding.PageObjectTMS.Staff.TestRunnerTMSAStaff@61df66b6]" started-at="2022-09-17T20:08:55 WIB" name="runScenario" description="Runs Cucumber Scenarios" data-provider="scenarios" finished-at="2022-09-17T20:08:59 WIB" duration-ms="4127" status="PASS">
          <params>
            <param index="0">
              <value>
                <![CDATA["Staff upload correct type"]]>
              </value>
            </param>
            <param index="1">
              <value>
                <![CDATA["Login Staff"]]>
              </value>
            </param>
          </params>
          <reporter-output>
          </reporter-output>
        </test-method> <!-- runScenario -->
        <test-method signature="runScenario(io.cucumber.testng.PickleWrapper,io.cucumber.testng.FeatureWrapper)[pri:0, instance:com.juaracoding.PageObjectTMS.Staff.TestRunnerTMSAStaff@61df66b6]" started-at="2022-09-17T20:08:59 WIB" name="runScenario" description="Runs Cucumber Scenarios" data-provider="scenarios" finished-at="2022-09-17T20:08:59 WIB" duration-ms="227" status="FAIL">
          <params>
            <param index="0">
              <value>
                <![CDATA["Divisi not choosen"]]>
              </value>
            </param>
            <param index="1">
              <value>
                <![CDATA["Login Staff"]]>
              </value>
            </param>
          </params>
          <exception class="io.cucumber.testng.UndefinedStepException">
            <message>
              <![CDATA[The step 'Staff get required from select box divisi' is undefined.
You can implement this step using the snippet(s) below:

@Then("Staff get required from select box divisi")
public void staff_get_required_from_select_box_divisi() {
    // Write code here that turns the phrase above into concrete actions
    throw new io.cucumber.java.PendingException();
}
]]>
            </message>
            <full-stacktrace>
              <![CDATA[io.cucumber.testng.UndefinedStepException: The step 'Staff get required from select box divisi' is undefined.
You can implement this step using the snippet(s) below:

@Then("Staff get required from select box divisi")
public void staff_get_required_from_select_box_divisi() {
    // Write code here that turns the phrase above into concrete actions
    throw new io.cucumber.java.PendingException();
}

at io.cucumber.core.runtime.TestCaseResultObserver.assertTestCasePassed(TestCaseResultObserver.java:69)
at io.cucumber.testng.TestCaseResultObserver.assertTestCasePassed(TestCaseResultObserver.java:23)
at io.cucumber.testng.TestNGCucumberRunner.lambda$runScenario$1(TestNGCucumberRunner.java:133)
at io.cucumber.core.runtime.CucumberExecutionContext.lambda$runTestCase$5(CucumberExecutionContext.java:129)
at io.cucumber.core.runtime.RethrowingThrowableCollector.executeAndThrow(RethrowingThrowableCollector.java:23)
at io.cucumber.core.runtime.CucumberExecutionContext.runTestCase(CucumberExecutionContext.java:129)
at io.cucumber.testng.TestNGCucumberRunner.runScenario(TestNGCucumberRunner.java:129)
at io.cucumber.testng.AbstractTestNGCucumberTests.runScenario(AbstractTestNGCucumberTests.java:35)
at java.base/jdk.internal.reflect.DirectMethodHandleAccessor.invoke(DirectMethodHandleAccessor.java:104)
at java.base/java.lang.reflect.Method.invoke(Method.java:577)
at org.testng.internal.MethodInvocationHelper.invokeMethod(MethodInvocationHelper.java:133)
at org.testng.internal.TestInvoker.invokeMethod(TestInvoker.java:598)
at org.testng.internal.TestInvoker.invokeTestMethod(TestInvoker.java:173)
at org.testng.internal.MethodRunner.runInSequence(MethodRunner.java:46)
at org.testng.internal.TestInvoker$MethodInvocationAgent.invoke(TestInvoker.java:824)
at org.testng.internal.TestInvoker.invokeTestMethods(TestInvoker.java:146)
at org.testng.internal.TestMethodWorker.invokeTestMethods(TestMethodWorker.java:146)
at org.testng.internal.TestMethodWorker.run(TestMethodWorker.java:128)
at java.base/java.util.ArrayList.forEach(ArrayList.java:1511)
at org.testng.TestRunner.privateRun(TestRunner.java:794)
at org.testng.TestRunner.run(TestRunner.java:596)
at org.testng.SuiteRunner.runTest(SuiteRunner.java:377)
at org.testng.SuiteRunner.runSequentially(SuiteRunner.java:371)
at org.testng.SuiteRunner.privateRun(SuiteRunner.java:332)
at org.testng.SuiteRunner.run(SuiteRunner.java:276)
at org.testng.SuiteRunnerWorker.runSuite(SuiteRunnerWorker.java:53)
at org.testng.SuiteRunnerWorker.run(SuiteRunnerWorker.java:96)
at org.testng.TestNG.runSuitesSequentially(TestNG.java:1212)
at org.testng.TestNG.runSuitesLocally(TestNG.java:1134)
at org.testng.TestNG.runSuites(TestNG.java:1063)
at org.testng.TestNG.run(TestNG.java:1031)
at org.testng.remote.AbstractRemoteTestNG.run(AbstractRemoteTestNG.java:115)
at org.testng.remote.RemoteTestNG.initAndRun(RemoteTestNG.java:251)
at org.testng.remote.RemoteTestNG.main(RemoteTestNG.java:77)
]]>
            </full-stacktrace>
          </exception> <!-- io.cucumber.testng.UndefinedStepException -->
          <reporter-output>
          </reporter-output>
        </test-method> <!-- runScenario -->
        <test-method signature="runScenario(io.cucumber.testng.PickleWrapper,io.cucumber.testng.FeatureWrapper)[pri:0, instance:com.juaracoding.PageObjectTMS.Staff.TestRunnerTMSAStaff@61df66b6]" started-at="2022-09-17T20:08:59 WIB" name="runScenario" description="Runs Cucumber Scenarios" data-provider="scenarios" finished-at="2022-09-17T20:09:04 WIB" duration-ms="4255" status="PASS">
          <params>
            <param index="0">
              <value>
                <![CDATA["Staff select attraction"]]>
              </value>
            </param>
            <param index="1">
              <value>
                <![CDATA["Login Staff"]]>
              </value>
            </param>
          </params>
          <reporter-output>
          </reporter-output>
        </test-method> <!-- runScenario -->
        <test-method signature="runScenario(io.cucumber.testng.PickleWrapper,io.cucumber.testng.FeatureWrapper)[pri:0, instance:com.juaracoding.PageObjectTMS.Staff.TestRunnerTMSAStaff@61df66b6]" started-at="2022-09-17T20:09:04 WIB" name="runScenario" description="Runs Cucumber Scenarios" data-provider="scenarios" finished-at="2022-09-17T20:09:08 WIB" duration-ms="4216" status="PASS">
          <params>
            <param index="0">
              <value>
                <![CDATA["Staff select rent car"]]>
              </value>
            </param>
            <param index="1">
              <value>
                <![CDATA["Login Staff"]]>
              </value>
            </param>
          </params>
          <reporter-output>
          </reporter-output>
        </test-method> <!-- runScenario -->
        <test-method signature="runScenario(io.cucumber.testng.PickleWrapper,io.cucumber.testng.FeatureWrapper)[pri:0, instance:com.juaracoding.PageObjectTMS.Staff.TestRunnerTMSAStaff@61df66b6]" started-at="2022-09-17T20:09:08 WIB" name="runScenario" description="Runs Cucumber Scenarios" data-provider="scenarios" finished-at="2022-09-17T20:09:12 WIB" duration-ms="4215" status="PASS">
          <params>
            <param index="0">
              <value>
                <![CDATA["Staff select call center"]]>
              </value>
            </param>
            <param index="1">
              <value>
                <![CDATA["Login Staff"]]>
              </value>
            </param>
          </params>
          <reporter-output>
          </reporter-output>
        </test-method> <!-- runScenario -->
        <test-method signature="runScenario(io.cucumber.testng.PickleWrapper,io.cucumber.testng.FeatureWrapper)[pri:0, instance:com.juaracoding.PageObjectTMS.Staff.TestRunnerTMSAStaff@61df66b6]" started-at="2022-09-17T20:09:12 WIB" name="runScenario" description="Runs Cucumber Scenarios" data-provider="scenarios" finished-at="2022-09-17T20:09:13 WIB" duration-ms="368" status="FAIL">
          <params>
            <param index="0">
              <value>
                <![CDATA["Tipe shift not choosen"]]>
              </value>
            </param>
            <param index="1">
              <value>
                <![CDATA["Login Staff"]]>
              </value>
            </param>
          </params>
          <exception class="java.lang.AssertionError">
            <message>
              <![CDATA[expected [false] but found [true]]]>
            </message>
            <full-stacktrace>
              <![CDATA[java.lang.AssertionError: expected [false] but found [true]
at org.testng.Assert.fail(Assert.java:99)
at org.testng.Assert.failNotEquals(Assert.java:1037)
at org.testng.Assert.assertEqualsImpl(Assert.java:140)
at org.testng.Assert.assertEquals(Assert.java:122)
at org.testng.Assert.assertEquals(Assert.java:629)
at org.testng.Assert.assertEquals(Assert.java:639)
at com.juaracoding.PageObjectTMS.Staff.TestLaporanKegiatanStaffTMS.staff_get_alert_from_select_box_tipe_shift(TestLaporanKegiatanStaffTMS.java:250)
at ✽.Staff get alert from select box tipe shift(file:///C:/Users/girangsnm/git/Project-TMS/src/test/resources/features/Staff/01.LaporanKegiatanStaff.feature:99)
]]>
            </full-stacktrace>
          </exception> <!-- java.lang.AssertionError -->
          <reporter-output>
          </reporter-output>
        </test-method> <!-- runScenario -->
        <test-method signature="runScenario(io.cucumber.testng.PickleWrapper,io.cucumber.testng.FeatureWrapper)[pri:0, instance:com.juaracoding.PageObjectTMS.Staff.TestRunnerTMSAStaff@61df66b6]" started-at="2022-09-17T20:09:13 WIB" name="runScenario" description="Runs Cucumber Scenarios" data-provider="scenarios" finished-at="2022-09-17T20:09:17 WIB" duration-ms="4203" status="PASS">
          <params>
            <param index="0">
              <value>
                <![CDATA["Staff select call center 1"]]>
              </value>
            </param>
            <param index="1">
              <value>
                <![CDATA["Login Staff"]]>
              </value>
            </param>
          </params>
          <reporter-output>
          </reporter-output>
        </test-method> <!-- runScenario -->
        <test-method signature="runScenario(io.cucumber.testng.PickleWrapper,io.cucumber.testng.FeatureWrapper)[pri:0, instance:com.juaracoding.PageObjectTMS.Staff.TestRunnerTMSAStaff@61df66b6]" started-at="2022-09-17T20:09:17 WIB" name="runScenario" description="Runs Cucumber Scenarios" data-provider="scenarios" finished-at="2022-09-17T20:09:21 WIB" duration-ms="4195" status="PASS">
          <params>
            <param index="0">
              <value>
                <![CDATA["Staff select call center 2"]]>
              </value>
            </param>
            <param index="1">
              <value>
                <![CDATA["Login Staff"]]>
              </value>
            </param>
          </params>
          <reporter-output>
          </reporter-output>
        </test-method> <!-- runScenario -->
        <test-method signature="runScenario(io.cucumber.testng.PickleWrapper,io.cucumber.testng.FeatureWrapper)[pri:0, instance:com.juaracoding.PageObjectTMS.Staff.TestRunnerTMSAStaff@61df66b6]" started-at="2022-09-17T20:09:21 WIB" name="runScenario" description="Runs Cucumber Scenarios" data-provider="scenarios" finished-at="2022-09-17T20:09:23 WIB" duration-ms="2476" status="FAIL">
          <params>
            <param index="0">
              <value>
                <![CDATA["Nama shift not choosen"]]>
              </value>
            </param>
            <param index="1">
              <value>
                <![CDATA["Login Staff"]]>
              </value>
            </param>
          </params>
          <exception class="java.lang.AssertionError">
            <message>
              <![CDATA[expected [false] but found [div]]]>
            </message>
            <full-stacktrace>
              <![CDATA[java.lang.AssertionError: expected [false] but found [div]
at org.testng.Assert.fail(Assert.java:99)
at org.testng.Assert.failNotEquals(Assert.java:1037)
at org.testng.Assert.assertEqualsImpl(Assert.java:140)
at org.testng.Assert.assertEquals(Assert.java:122)
at org.testng.Assert.assertEquals(Assert.java:629)
at org.testng.Assert.assertEquals(Assert.java:639)
at com.juaracoding.PageObjectTMS.Staff.TestLaporanKegiatanStaffTMS.staff_get_stack_name_shift(TestLaporanKegiatanStaffTMS.java:284)
at ✽.Staff get stack name shift(file:///C:/Users/girangsnm/git/Project-TMS/src/test/resources/features/Staff/01.LaporanKegiatanStaff.feature:115)
]]>
            </full-stacktrace>
          </exception> <!-- java.lang.AssertionError -->
          <reporter-output>
          </reporter-output>
        </test-method> <!-- runScenario -->
        <test-method signature="runScenario(io.cucumber.testng.PickleWrapper,io.cucumber.testng.FeatureWrapper)[pri:0, instance:com.juaracoding.PageObjectTMS.Staff.TestRunnerTMSAStaff@61df66b6]" started-at="2022-09-17T20:09:23 WIB" name="runScenario" description="Runs Cucumber Scenarios" data-provider="scenarios" finished-at="2022-09-17T20:09:28 WIB" duration-ms="4257" status="PASS">
          <params>
            <param index="0">
              <value>
                <![CDATA["Staff select non shift"]]>
              </value>
            </param>
            <param index="1">
              <value>
                <![CDATA["Login Staff"]]>
              </value>
            </param>
          </params>
          <reporter-output>
          </reporter-output>
        </test-method> <!-- runScenario -->
        <test-method signature="runScenario(io.cucumber.testng.PickleWrapper,io.cucumber.testng.FeatureWrapper)[pri:0, instance:com.juaracoding.PageObjectTMS.Staff.TestRunnerTMSAStaff@61df66b6]" started-at="2022-09-17T20:09:28 WIB" name="runScenario" description="Runs Cucumber Scenarios" data-provider="scenarios" finished-at="2022-09-17T20:09:32 WIB" duration-ms="4195" status="PASS">
          <params>
            <param index="0">
              <value>
                <![CDATA["Staff select D1"]]>
              </value>
            </param>
            <param index="1">
              <value>
                <![CDATA["Login Staff"]]>
              </value>
            </param>
          </params>
          <reporter-output>
          </reporter-output>
        </test-method> <!-- runScenario -->
        <test-method signature="runScenario(io.cucumber.testng.PickleWrapper,io.cucumber.testng.FeatureWrapper)[pri:0, instance:com.juaracoding.PageObjectTMS.Staff.TestRunnerTMSAStaff@61df66b6]" started-at="2022-09-17T20:09:32 WIB" name="runScenario" description="Runs Cucumber Scenarios" data-provider="scenarios" finished-at="2022-09-17T20:09:36 WIB" duration-ms="4223" status="PASS">
          <params>
            <param index="0">
              <value>
                <![CDATA["Staff select D2"]]>
              </value>
            </param>
            <param index="1">
              <value>
                <![CDATA["Login Staff"]]>
              </value>
            </param>
          </params>
          <reporter-output>
          </reporter-output>
        </test-method> <!-- runScenario -->
        <test-method signature="runScenario(io.cucumber.testng.PickleWrapper,io.cucumber.testng.FeatureWrapper)[pri:0, instance:com.juaracoding.PageObjectTMS.Staff.TestRunnerTMSAStaff@61df66b6]" started-at="2022-09-17T20:09:36 WIB" name="runScenario" description="Runs Cucumber Scenarios" data-provider="scenarios" finished-at="2022-09-17T20:09:40 WIB" duration-ms="4200" status="PASS">
          <params>
            <param index="0">
              <value>
                <![CDATA["Staff select D3"]]>
              </value>
            </param>
            <param index="1">
              <value>
                <![CDATA["Login Staff"]]>
              </value>
            </param>
          </params>
          <reporter-output>
          </reporter-output>
        </test-method> <!-- runScenario -->
        <test-method signature="runScenario(io.cucumber.testng.PickleWrapper,io.cucumber.testng.FeatureWrapper)[pri:0, instance:com.juaracoding.PageObjectTMS.Staff.TestRunnerTMSAStaff@61df66b6]" started-at="2022-09-17T20:09:40 WIB" name="runScenario" description="Runs Cucumber Scenarios" data-provider="scenarios" finished-at="2022-09-17T20:09:44 WIB" duration-ms="4206" status="PASS">
          <params>
            <param index="0">
              <value>
                <![CDATA["Staff senin pagi"]]>
              </value>
            </param>
            <param index="1">
              <value>
                <![CDATA["Login Staff"]]>
              </value>
            </param>
          </params>
          <reporter-output>
          </reporter-output>
        </test-method> <!-- runScenario -->
        <test-method signature="runScenario(io.cucumber.testng.PickleWrapper,io.cucumber.testng.FeatureWrapper)[pri:0, instance:com.juaracoding.PageObjectTMS.Staff.TestRunnerTMSAStaff@61df66b6]" started-at="2022-09-17T20:09:44 WIB" name="runScenario" description="Runs Cucumber Scenarios" data-provider="scenarios" finished-at="2022-09-17T20:09:49 WIB" duration-ms="4201" status="PASS">
          <params>
            <param index="0">
              <value>
                <![CDATA["Staff senin middle"]]>
              </value>
            </param>
            <param index="1">
              <value>
                <![CDATA["Login Staff"]]>
              </value>
            </param>
          </params>
          <reporter-output>
          </reporter-output>
        </test-method> <!-- runScenario -->
        <test-method signature="runScenario(io.cucumber.testng.PickleWrapper,io.cucumber.testng.FeatureWrapper)[pri:0, instance:com.juaracoding.PageObjectTMS.Staff.TestRunnerTMSAStaff@61df66b6]" started-at="2022-09-17T20:09:49 WIB" name="runScenario" description="Runs Cucumber Scenarios" data-provider="scenarios" finished-at="2022-09-17T20:09:53 WIB" duration-ms="4193" status="PASS">
          <params>
            <param index="0">
              <value>
                <![CDATA["Staff senin siang"]]>
              </value>
            </param>
            <param index="1">
              <value>
                <![CDATA["Login Staff"]]>
              </value>
            </param>
          </params>
          <reporter-output>
          </reporter-output>
        </test-method> <!-- runScenario -->
        <test-method signature="runScenario(io.cucumber.testng.PickleWrapper,io.cucumber.testng.FeatureWrapper)[pri:0, instance:com.juaracoding.PageObjectTMS.Staff.TestRunnerTMSAStaff@61df66b6]" started-at="2022-09-17T20:09:53 WIB" name="runScenario" description="Runs Cucumber Scenarios" data-provider="scenarios" finished-at="2022-09-17T20:09:53 WIB" duration-ms="353" status="FAIL">
          <params>
            <param index="0">
              <value>
                <![CDATA["Tipe Absen not choosen"]]>
              </value>
            </param>
            <param index="1">
              <value>
                <![CDATA["Login Staff"]]>
              </value>
            </param>
          </params>
          <exception class="java.lang.AssertionError">
            <message>
              <![CDATA[expected [false] but found [true]]]>
            </message>
            <full-stacktrace>
              <![CDATA[java.lang.AssertionError: expected [false] but found [true]
at org.testng.Assert.fail(Assert.java:99)
at org.testng.Assert.failNotEquals(Assert.java:1037)
at org.testng.Assert.assertEqualsImpl(Assert.java:140)
at org.testng.Assert.assertEquals(Assert.java:122)
at org.testng.Assert.assertEquals(Assert.java:629)
at org.testng.Assert.assertEquals(Assert.java:639)
at com.juaracoding.PageObjectTMS.Staff.TestLaporanKegiatanStaffTMS.staff_get_required_from_select_box_tipe_absen(TestLaporanKegiatanStaffTMS.java:388)
at ✽.Staff get required from select box tipe absen(file:///C:/Users/girangsnm/git/Project-TMS/src/test/resources/features/Staff/01.LaporanKegiatanStaff.feature:162)
]]>
            </full-stacktrace>
          </exception> <!-- java.lang.AssertionError -->
          <reporter-output>
          </reporter-output>
        </test-method> <!-- runScenario -->
        <test-method signature="runScenario(io.cucumber.testng.PickleWrapper,io.cucumber.testng.FeatureWrapper)[pri:0, instance:com.juaracoding.PageObjectTMS.Staff.TestRunnerTMSAStaff@61df66b6]" started-at="2022-09-17T20:09:53 WIB" name="runScenario" description="Runs Cucumber Scenarios" data-provider="scenarios" finished-at="2022-09-17T20:09:57 WIB" duration-ms="4194" status="PASS">
          <params>
            <param index="0">
              <value>
                <![CDATA["Staff select WFH"]]>
              </value>
            </param>
            <param index="1">
              <value>
                <![CDATA["Login Staff"]]>
              </value>
            </param>
          </params>
          <reporter-output>
          </reporter-output>
        </test-method> <!-- runScenario -->
        <test-method signature="runScenario(io.cucumber.testng.PickleWrapper,io.cucumber.testng.FeatureWrapper)[pri:0, instance:com.juaracoding.PageObjectTMS.Staff.TestRunnerTMSAStaff@61df66b6]" started-at="2022-09-17T20:09:57 WIB" name="runScenario" description="Runs Cucumber Scenarios" data-provider="scenarios" finished-at="2022-09-17T20:10:02 WIB" duration-ms="4179" status="PASS">
          <params>
            <param index="0">
              <value>
                <![CDATA["Staff select WFO"]]>
              </value>
            </param>
            <param index="1">
              <value>
                <![CDATA["Login Staff"]]>
              </value>
            </param>
          </params>
          <reporter-output>
          </reporter-output>
        </test-method> <!-- runScenario -->
        <test-method signature="runScenario(io.cucumber.testng.PickleWrapper,io.cucumber.testng.FeatureWrapper)[pri:0, instance:com.juaracoding.PageObjectTMS.Staff.TestRunnerTMSAStaff@61df66b6]" started-at="2022-09-17T20:10:02 WIB" name="runScenario" description="Runs Cucumber Scenarios" data-provider="scenarios" finished-at="2022-09-17T20:10:02 WIB" duration-ms="357" status="FAIL">
          <params>
            <param index="0">
              <value>
                <![CDATA["Null text"]]>
              </value>
            </param>
            <param index="1">
              <value>
                <![CDATA["Login Staff"]]>
              </value>
            </param>
          </params>
          <exception class="java.lang.AssertionError">
            <message>
              <![CDATA[expected [false] but found [true]]]>
            </message>
            <full-stacktrace>
              <![CDATA[java.lang.AssertionError: expected [false] but found [true]
at org.testng.Assert.fail(Assert.java:99)
at org.testng.Assert.failNotEquals(Assert.java:1037)
at org.testng.Assert.assertEqualsImpl(Assert.java:140)
at org.testng.Assert.assertEquals(Assert.java:122)
at org.testng.Assert.assertEquals(Assert.java:629)
at org.testng.Assert.assertEquals(Assert.java:639)
at com.juaracoding.PageObjectTMS.Staff.TestLaporanKegiatanStaffTMS.staff_get_required_from_text_area(TestLaporanKegiatanStaffTMS.java:423)
at ✽.Staff get required from text area(file:///C:/Users/girangsnm/git/Project-TMS/src/test/resources/features/Staff/01.LaporanKegiatanStaff.feature:177)
]]>
            </full-stacktrace>
          </exception> <!-- java.lang.AssertionError -->
          <reporter-output>
          </reporter-output>
        </test-method> <!-- runScenario -->
        <test-method signature="runScenario(io.cucumber.testng.PickleWrapper,io.cucumber.testng.FeatureWrapper)[pri:0, instance:com.juaracoding.PageObjectTMS.Staff.TestRunnerTMSAStaff@61df66b6]" started-at="2022-09-17T20:10:02 WIB" name="runScenario" description="Runs Cucumber Scenarios" data-provider="scenarios" finished-at="2022-09-17T20:10:06 WIB" duration-ms="4313" status="PASS">
          <params>
            <param index="0">
              <value>
                <![CDATA["Staff input text"]]>
              </value>
            </param>
            <param index="1">
              <value>
                <![CDATA["Login Staff"]]>
              </value>
            </param>
          </params>
          <reporter-output>
          </reporter-output>
        </test-method> <!-- runScenario -->
        <test-method signature="runScenario(io.cucumber.testng.PickleWrapper,io.cucumber.testng.FeatureWrapper)[pri:0, instance:com.juaracoding.PageObjectTMS.Staff.TestRunnerTMSAStaff@61df66b6]" started-at="2022-09-17T20:10:06 WIB" name="runScenario" description="Runs Cucumber Scenarios" data-provider="scenarios" finished-at="2022-09-17T20:10:46 WIB" duration-ms="40141" status="FAIL">
          <params>
            <param index="0">
              <value>
                <![CDATA["Data not received"]]>
              </value>
            </param>
            <param index="1">
              <value>
                <![CDATA["Login Staff"]]>
              </value>
            </param>
          </params>
          <exception class="java.lang.AssertionError">
            <message>
              <![CDATA[expected [false] but found [The filetype you are attempting to upload is not allowed.]]]>
            </message>
            <full-stacktrace>
              <![CDATA[java.lang.AssertionError: expected [false] but found [The filetype you are attempting to upload is not allowed.]
at org.testng.Assert.fail(Assert.java:99)
at org.testng.Assert.failNotEquals(Assert.java:1037)
at org.testng.Assert.assertEqualsImpl(Assert.java:140)
at org.testng.Assert.assertEquals(Assert.java:122)
at org.testng.Assert.assertEquals(Assert.java:617)
at com.juaracoding.PageObjectTMS.Staff.TestLaporanKegiatanStaffTMS.get_warning_sentence(TestLaporanKegiatanStaffTMS.java:444)
at ✽.Get warning sentence(file:///C:/Users/girangsnm/git/Project-TMS/src/test/resources/features/Staff/01.LaporanKegiatanStaff.feature:188)
]]>
            </full-stacktrace>
          </exception> <!-- java.lang.AssertionError -->
          <reporter-output>
          </reporter-output>
        </test-method> <!-- runScenario -->
        <test-method signature="runScenario(io.cucumber.testng.PickleWrapper,io.cucumber.testng.FeatureWrapper)[pri:0, instance:com.juaracoding.PageObjectTMS.Staff.TestRunnerTMSAStaff@61df66b6]" started-at="2022-09-17T20:10:46 WIB" name="runScenario" description="Runs Cucumber Scenarios" data-provider="scenarios" finished-at="2022-09-17T20:11:09 WIB" duration-ms="22865" status="FAIL">
          <params>
            <param index="0">
              <value>
                <![CDATA["Data sent successfully"]]>
              </value>
            </param>
            <param index="1">
              <value>
                <![CDATA["Login Staff"]]>
              </value>
            </param>
          </params>
          <exception class="io.cucumber.testng.UndefinedStepException">
            <message>
              <![CDATA[The step 'Staff clik' is undefined.
You can implement this step using the snippet(s) below:

@When("Staff clik")
public void staff_clik() {
    // Write code here that turns the phrase above into concrete actions
    throw new io.cucumber.java.PendingException();
}
]]>
            </message>
            <full-stacktrace>
              <![CDATA[io.cucumber.testng.UndefinedStepException: The step 'Staff clik' is undefined.
You can implement this step using the snippet(s) below:

@When("Staff clik")
public void staff_clik() {
    // Write code here that turns the phrase above into concrete actions
    throw new io.cucumber.java.PendingException();
}

at io.cucumber.core.runtime.TestCaseResultObserver.assertTestCasePassed(TestCaseResultObserver.java:69)
at io.cucumber.testng.TestCaseResultObserver.assertTestCasePassed(TestCaseResultObserver.java:23)
at io.cucumber.testng.TestNGCucumberRunner.lambda$runScenario$1(TestNGCucumberRunner.java:133)
at io.cucumber.core.runtime.CucumberExecutionContext.lambda$runTestCase$5(CucumberExecutionContext.java:129)
at io.cucumber.core.runtime.RethrowingThrowableCollector.executeAndThrow(RethrowingThrowableCollector.java:23)
at io.cucumber.core.runtime.CucumberExecutionContext.runTestCase(CucumberExecutionContext.java:129)
at io.cucumber.testng.TestNGCucumberRunner.runScenario(TestNGCucumberRunner.java:129)
at io.cucumber.testng.AbstractTestNGCucumberTests.runScenario(AbstractTestNGCucumberTests.java:35)
at java.base/jdk.internal.reflect.DirectMethodHandleAccessor.invoke(DirectMethodHandleAccessor.java:104)
at java.base/java.lang.reflect.Method.invoke(Method.java:577)
at org.testng.internal.MethodInvocationHelper.invokeMethod(MethodInvocationHelper.java:133)
at org.testng.internal.TestInvoker.invokeMethod(TestInvoker.java:598)
at org.testng.internal.TestInvoker.invokeTestMethod(TestInvoker.java:173)
at org.testng.internal.MethodRunner.runInSequence(MethodRunner.java:46)
at org.testng.internal.TestInvoker$MethodInvocationAgent.invoke(TestInvoker.java:824)
at org.testng.internal.TestInvoker.invokeTestMethods(TestInvoker.java:146)
at org.testng.internal.TestMethodWorker.invokeTestMethods(TestMethodWorker.java:146)
at org.testng.internal.TestMethodWorker.run(TestMethodWorker.java:128)
at java.base/java.util.ArrayList.forEach(ArrayList.java:1511)
at org.testng.TestRunner.privateRun(TestRunner.java:794)
at org.testng.TestRunner.run(TestRunner.java:596)
at org.testng.SuiteRunner.runTest(SuiteRunner.java:377)
at org.testng.SuiteRunner.runSequentially(SuiteRunner.java:371)
at org.testng.SuiteRunner.privateRun(SuiteRunner.java:332)
at org.testng.SuiteRunner.run(SuiteRunner.java:276)
at org.testng.SuiteRunnerWorker.runSuite(SuiteRunnerWorker.java:53)
at org.testng.SuiteRunnerWorker.run(SuiteRunnerWorker.java:96)
at org.testng.TestNG.runSuitesSequentially(TestNG.java:1212)
at org.testng.TestNG.runSuitesLocally(TestNG.java:1134)
at org.testng.TestNG.runSuites(TestNG.java:1063)
at org.testng.TestNG.run(TestNG.java:1031)
at org.testng.remote.AbstractRemoteTestNG.run(AbstractRemoteTestNG.java:115)
at org.testng.remote.RemoteTestNG.initAndRun(RemoteTestNG.java:251)
at org.testng.remote.RemoteTestNG.main(RemoteTestNG.java:77)
]]>
            </full-stacktrace>
          </exception> <!-- io.cucumber.testng.UndefinedStepException -->
          <reporter-output>
          </reporter-output>
        </test-method> <!-- runScenario -->
        <test-method is-config="true" signature="tearDownClass()[pri:0, instance:com.juaracoding.PageObjectTMS.Staff.TestRunnerTMSAStaff@61df66b6]" started-at="2022-09-17T20:11:09 WIB" name="tearDownClass" finished-at="2022-09-17T20:11:15 WIB" duration-ms="5617" status="PASS">
          <reporter-output>
          </reporter-output>
        </test-method> <!-- tearDownClass -->
      </class> <!-- com.juaracoding.PageObjectTMS.Staff.TestRunnerTMSAStaff -->
    </test> <!-- Default test -->
  </suite> <!-- Default suite -->
</testng-results>
