<?xml version="1.0" encoding="UTF-8"?>
<!-- Generated by org.testng.reporters.JUnitReportReporter -->
<testsuite hostname="LAPTOP-B1NGKO38" failures="0" tests="4" name="com.juaracoding.PageObjectTMS.Staff.TestRunnerTMSAStaff" time="45.931" errors="1" timestamp="2022-09-18T01:18:51 WIB" skipped="0">
  <testcase classname="com.juaracoding.PageObjectTMS.Staff.TestRunnerTMSAStaff" name="runScenario" time="12.998">
    <error message="Element should have been &quot;select&quot; but was &quot;div&quot;
Build info: version: &#039;3.141.59&#039;, revision: &#039;e82be7d358&#039;, time: &#039;2018-11-14T08:17:03&#039;
System info: host: &#039;LAPTOP-B1NGKO38&#039;, ip: &#039;192.168.56.1&#039;, os.name: &#039;Windows 10&#039;, os.arch: &#039;amd64&#039;, os.version: &#039;10.0&#039;, java.version: &#039;14.0.2&#039;
Driver info: driver.version: unknown" type="org.openqa.selenium.support.ui.UnexpectedTagNameException">
      <![CDATA[org.openqa.selenium.support.ui.UnexpectedTagNameException: Element should have been "select" but was "div"
Build info: version: '3.141.59', revision: 'e82be7d358', time: '2018-11-14T08:17:03'
System info: host: 'LAPTOP-B1NGKO38', ip: '192.168.56.1', os.name: 'Windows 10', os.arch: 'amd64', os.version: '10.0', java.version: '14.0.2'
Driver info: driver.version: unknown
at org.openqa.selenium.support.ui.Select.<init>(Select.java:48)
at com.juaracoding.PageObjectTMS.Staff.AbsenOffStaff.btnnamashift(AbsenOffStaff.java:109)
at com.juaracoding.PageObjectTMS.Staff.TestAbsenOff.Staff_Select_Nama_Shift(TestAbsenOff.java:94)
at ✽.Choose Nama Shift(file:///C:/Users/Hp/git/Project-TMS/src/test/resources/features/Staff/AbsenOff.feature:18)
]]>
    </error>
  </testcase> <!-- runScenario -->
  <system-out/>
  <testcase classname="com.juaracoding.PageObjectTMS.Staff.TestRunnerTMSAStaff" name="runScenario" time="3.288"/>
  <system-out/>
  <testcase classname="com.juaracoding.PageObjectTMS.Staff.TestRunnerTMSAStaff" name="runScenario" time="13.382"/>
  <system-out/>
  <testcase classname="com.juaracoding.PageObjectTMS.Staff.TestRunnerTMSAStaff" name="runScenario" time="16.263"/>
  <system-out/>
</testsuite> <!-- com.juaracoding.PageObjectTMS.Staff.TestRunnerTMSAStaff -->
